0 info it worked if it ends with ok
1 verbose cli [ 'C:\\Program Files\\nodejs\\node.exe',
1 verbose cli   'C:\\Program Files\\nodejs\\node_modules\\npm\\bin\\npm-cli.js',
1 verbose cli   'run',
1 verbose cli   'dev',
1 verbose cli   '--scripts-prepend-node-path=auto' ]
2 info using npm@3.10.10
3 info using node@v6.9.4
4 verbose run-script [ 'predev', 'dev', 'postdev' ]
5 info lifecycle learn-react-test@1.0.0~predev: learn-react-test@1.0.0
6 silly lifecycle learn-react-test@1.0.0~predev: no script for predev, continuing
7 info lifecycle learn-react-test@1.0.0~dev: learn-react-test@1.0.0
8 verbose lifecycle learn-react-test@1.0.0~dev: unsafe-perm in lifecycle true
9 verbose lifecycle learn-react-test@1.0.0~dev: PATH: C:\Program Files\nodejs\node_modules\npm\bin\node-gyp-bin;D:\code\learn-test\node_modules\.bin;C:\ProgramData\Oracle\Java\javapath;C:\Program Files (x86)\Intel\iCLS Client\;C:\Program Files\Intel\iCLS Client\;C:\Windows\system32;C:\Windows;C:\Windows\System32\Wbem;C:\Windows\System32\WindowsPowerShell\v1.0\;C:\Program Files (x86)\Intel\Intel(R) Management Engine Components\DAL;C:\Program Files\Intel\Intel(R) Management Engine Components\DAL;C:\Program Files (x86)\Intel\Intel(R) Management Engine Components\IPT;C:\Program Files\Intel\Intel(R) Management Engine Components\IPT;C:\Program Files (x86)\NVIDIA Corporation\PhysX\Common;C:\WINDOWS\system32;C:\WINDOWS;C:\WINDOWS\System32\Wbem;C:\WINDOWS\System32\WindowsPowerShell\v1.0\;C:\Program Files\nodejs\;D:\git\Git\cmd;D:\java\jdk1.8.0_131\bin;D:\java\jdk1.8.0_131\jre\bin;C:\Users\me\AppData\Local\Microsoft\WindowsApps;C:\Users\me\AppData\Roaming\npm;D:\myNode;D:\软件\安装包\Microsoft VS Code\bin;%MYSQL_HOME%\bin;C:\Program Files\MySQL\MySQL Server 5.7\bin;
10 verbose lifecycle learn-react-test@1.0.0~dev: CWD: D:\code\learn-test
11 silly lifecycle learn-react-test@1.0.0~dev: Args: [ '/d /s /c', 'webpack-dev-server --port 3000' ]
12 silly lifecycle learn-react-test@1.0.0~dev: Returned: code: 1  signal: null
13 info lifecycle learn-react-test@1.0.0~dev: Failed to exec dev script
14 verbose stack Error: learn-react-test@1.0.0 dev: `webpack-dev-server --port 3000`
14 verbose stack Exit status 1
14 verbose stack     at EventEmitter.<anonymous> (C:\Program Files\nodejs\node_modules\npm\lib\utils\lifecycle.js:255:16)
14 verbose stack     at emitTwo (events.js:106:13)
14 verbose stack     at EventEmitter.emit (events.js:191:7)
14 verbose stack     at ChildProcess.<anonymous> (C:\Program Files\nodejs\node_modules\npm\lib\utils\spawn.js:40:14)
14 verbose stack     at emitTwo (events.js:106:13)
14 verbose stack     at ChildProcess.emit (events.js:191:7)
14 verbose stack     at maybeClose (internal/child_process.js:877:16)
14 verbose stack     at Process.ChildProcess._handle.onexit (internal/child_process.js:226:5)
15 verbose pkgid learn-react-test@1.0.0
16 verbose cwd D:\code\learn-test
17 error Windows_NT 10.0.16299
18 error argv "C:\\Program Files\\nodejs\\node.exe" "C:\\Program Files\\nodejs\\node_modules\\npm\\bin\\npm-cli.js" "run" "dev" "--scripts-prepend-node-path=auto"
19 error node v6.9.4
20 error npm  v3.10.10
21 error code ELIFECYCLE
22 error learn-react-test@1.0.0 dev: `webpack-dev-server --port 3000`
22 error Exit status 1
23 error Failed at the learn-react-test@1.0.0 dev script 'webpack-dev-server --port 3000'.
23 error Make sure you have the latest version of node.js and npm installed.
23 error If you do, this is most likely a problem with the learn-react-test package,
23 error not with npm itself.
23 error Tell the author that this fails on your system:
23 error     webpack-dev-server --port 3000
23 error You can get information on how to open an issue for this project with:
23 error     npm bugs learn-react-test
23 error Or if that isn't available, you can get their info via:
23 error     npm owner ls learn-react-test
23 error There is likely additional logging output above.
24 verbose exit [ 1, true ]
